Sep 19, 2016 3:12:04 PM testrecorddl.T9405 main
INFO: Assessment of the duration of the recording DDL expressions Redshift
Sep 19, 2016 3:12:04 PM testrecorddl.T9405 recordDDL
INFO: jdbc:redshift://rsdbb01.cqcwekr1qlta.us-west-2.redshift.amazonaws.com:5439/dev
Sep 19, 2016 3:12:04 PM testrecorddl.T9405 recordDDL
INFO:                                                  The number of commands: 10
Sep 19, 2016 3:12:04 PM testrecorddl.T9405 recordDDL
INFO:                                                  totalConnectionClosingTime : connectionClosingTime : statementClosingTime : executeTime
Sep 19, 2016 3:12:10 PM testrecorddl.T9405 recordDDL
INFO:                                              1 :             0.910 :            0.004 :         2.756 :                1.378 :                 1.387 :         SUCCESS : DROP SCHEMA IF EXISTS test_batch CASCADE      
Sep 19, 2016 3:12:11 PM testrecorddl.T9405 recordDDL
INFO:                                              2 :             0.610 :            0.000 :         0.205 :                0.945 :                 0.946 :         SUCCESS : CREATE SCHEMA IF NOT EXISTS test_batch      
Sep 19, 2016 3:12:14 PM testrecorddl.T9405 recordDDL
INFO:                                              3 :             0.604 :            0.000 :         0.210 :                1.227 :                 1.229 :         SUCCESS : CREATE TABLE IF NOT EXISTS test_batch.d_cur(      
Sep 19, 2016 3:12:16 PM testrecorddl.T9405 recordDDL
INFO:                                              4 :             0.630 :            0.000 :         0.407 :                1.203 :                 1.205 :         SUCCESS : CREATE TABLE IF NOT EXISTS test_batch.tbl_part_range_intval_num(      
Sep 19, 2016 3:12:18 PM testrecorddl.T9405 recordDDL
INFO:                                              5 :             0.618 :            0.000 :         0.489 :                1.025 :                 1.028 :         SUCCESS : CREATE TABLE IF NOT EXISTS test_batch.tbl_part_range_intval_date(      
Sep 19, 2016 3:12:20 PM testrecorddl.T9405 recordDDL
INFO:                                              6 :             0.601 :            0.000 :         0.207 :                0.937 :                 0.939 :         SUCCESS : CREATE TABLE IF NOT EXISTS test_batch.tbl_datatype3(      
Sep 19, 2016 3:12:22 PM testrecorddl.T9405 recordDDL
INFO:                                              7 :             0.604 :            0.000 :         0.209 :                1.304 :                 1.305 :         SUCCESS : CREATE TABLE IF NOT EXISTS test_batch.tbl_part_ref_parent(      
Sep 19, 2016 3:12:24 PM testrecorddl.T9405 recordDDL
INFO:                                              8 :             0.610 :            0.000 :         0.767 :                0.684 :                 0.687 :         SUCCESS : CREATE TABLE IF NOT EXISTS test_batch.dr$idx_tbl_ind_dmn$i(      
Sep 19, 2016 3:12:26 PM testrecorddl.T9405 recordDDL
INFO:                                              9 :             0.610 :            0.000 :         0.357 :                0.984 :                 0.986 :         SUCCESS : CREATE TABLE IF NOT EXISTS test_batch.tbl_acc_cust_cls(      
Sep 19, 2016 3:12:28 PM testrecorddl.T9405 recordDDL
INFO:                                             10 :             1.131 :            0.000 :         0.284 :                1.038 :                 1.039 :         SUCCESS : CREATE TABLE IF NOT EXISTS test_batch.tbl_part_list(      
Sep 19, 2016 3:12:28 PM testrecorddl.T9405 recordDDL
INFO: ----------------------------------------------------------------------------------------------------------------------------------------
Sep 19, 2016 3:12:28 PM testrecorddl.T9405 recordDDL
INFO:                      average  value:     0.693 :            0.000 :         0.589 :                1.073 :                 1.075 :          FAIL=0 :      
