Jul 07, 2016 5:47:58 PM testrecorddl_OneConnect.T9405 main
INFO: Assessment of the duration of the recording DDL expressions Redshift
Jul 07, 2016 5:47:59 PM testrecorddl_OneConnect.T9405 recordDDL
INFO: jdbc:redshift://rsdbb01.cqcwekr1qlta.us-west-2.redshift.amazonaws.com:5439/dev
Jul 07, 2016 5:47:59 PM testrecorddl_OneConnect.T9405 recordDDL
INFO:                                                  The number of commands: 5
Jul 07, 2016 5:47:59 PM testrecorddl_OneConnect.T9405 recordDDL
INFO:                                                  totalConnectionClosingTime : connectionClosingTime : statementClosingTime : executeTime
Jul 07, 2016 5:48:00 PM testrecorddl_OneConnect.T9405 recordDDL
INFO:                                      1 :             1.278 :            0.004 :         0.228 :         SUCCESS : DROP SCHEMA IF EXISTS test_batch CASCADE      
Jul 07, 2016 5:48:15 PM testrecorddl_OneConnect.T9405 recordDDL
INFO:                                      2 :             1.278 :            0.004 :        14.898 :         SUCCESS : CREATE SCHEMA IF NOT EXISTS test_batch      
Jul 07, 2016 5:48:33 PM testrecorddl_OneConnect.T9405 recordDDL
INFO:                                      3 :             1.278 :            0.004 :        32.796 :         SUCCESS : CREATE TABLE IF NOT EXISTS test_batch.d_cur(      
Jul 07, 2016 5:48:50 PM testrecorddl_OneConnect.T9405 recordDDL
INFO:                                      4 :             1.278 :            0.004 :        50.083 :         SUCCESS : CREATE TABLE IF NOT EXISTS test_batch.tbl_part_range_intval_num(      
Jul 07, 2016 5:49:07 PM testrecorddl_OneConnect.T9405 recordDDL
INFO:                                      5 :             1.278 :            0.004 :        67.038 :         SUCCESS : CREATE TABLE IF NOT EXISTS test_batch.tbl_part_range_intval_date(      
Jul 07, 2016 5:49:22 PM testrecorddl_OneConnect.T9405 recordDDL
INFO: ----------------------------------------------------------------------------------------------------------------------------------------
Jul 07, 2016 5:49:22 PM testrecorddl_OneConnect.T9405 recordDDL
INFO:                                  average  value:     0.256 :            0.001 :        33.009 :                2.920 :                 2.921 :          FAIL=0 :      
