Jul 07, 2016 5:40:13 PM testrecorddl_OneConnect.T9405 main
INFO: Assessment of the duration of the recording DDL expressions Redshift
Jul 07, 2016 5:40:14 PM testrecorddl_OneConnect.T9405 recordDDL
INFO: jdbc:redshift://rsdbb01.cqcwekr1qlta.us-west-2.redshift.amazonaws.com:5439/dev
Jul 07, 2016 5:40:14 PM testrecorddl_OneConnect.T9405 recordDDL
INFO:                                                  The number of commands: 10
Jul 07, 2016 5:40:14 PM testrecorddl_OneConnect.T9405 recordDDL
INFO:                                                  totalConnectionClosingTime : connectionClosingTime : statementClosingTime : executeTime
Jul 07, 2016 5:40:15 PM testrecorddl_OneConnect.T9405 recordDDL
INFO:                                      1 :             0.976 :            0.004 :         0.229 :         SUCCESS : DROP SCHEMA IF EXISTS test_batch CASCADE      
Jul 07, 2016 5:40:37 PM testrecorddl_OneConnect.T9405 recordDDL
INFO:                                      1 :             0.976 :            0.004 :        22.036 :         SUCCESS : CREATE SCHEMA IF NOT EXISTS test_batch      
Jul 07, 2016 5:40:55 PM testrecorddl_OneConnect.T9405 recordDDL
INFO:                                      1 :             0.976 :            0.004 :        40.839 :         SUCCESS : CREATE TABLE IF NOT EXISTS test_batch.d_cur(      
Jul 07, 2016 5:41:08 PM testrecorddl_OneConnect.T9405 recordDDL
INFO:                                      1 :             0.976 :            0.004 :        53.338 :         SUCCESS : CREATE TABLE IF NOT EXISTS test_batch.tbl_part_range_intval_num(      
Jul 07, 2016 5:41:22 PM testrecorddl_OneConnect.T9405 recordDDL
INFO:                                      1 :             0.976 :            0.004 :        67.445 :         SUCCESS : CREATE TABLE IF NOT EXISTS test_batch.tbl_part_range_intval_date(      
Jul 07, 2016 5:41:37 PM testrecorddl_OneConnect.T9405 recordDDL
INFO:                                      1 :             0.976 :            0.004 :        82.760 :         SUCCESS : CREATE TABLE IF NOT EXISTS test_batch.tbl_datatype3(      
Jul 07, 2016 5:41:54 PM testrecorddl_OneConnect.T9405 recordDDL
INFO:                                      1 :             0.976 :            0.004 :        99.207 :         SUCCESS : CREATE TABLE IF NOT EXISTS test_batch.tbl_part_ref_parent(      
Jul 07, 2016 5:42:11 PM testrecorddl_OneConnect.T9405 recordDDL
INFO:                                      1 :             0.976 :            0.004 :       116.343 :         SUCCESS : CREATE TABLE IF NOT EXISTS test_batch.dr$idx_tbl_ind_dmn$i(      
Jul 07, 2016 5:42:27 PM testrecorddl_OneConnect.T9405 recordDDL
INFO:                                      1 :             0.976 :            0.004 :       132.053 :         SUCCESS : CREATE TABLE IF NOT EXISTS test_batch.tbl_acc_cust_cls(      
Jul 07, 2016 5:42:41 PM testrecorddl_OneConnect.T9405 recordDDL
INFO:                                      1 :             0.976 :            0.004 :       146.991 :         SUCCESS : CREATE TABLE IF NOT EXISTS test_batch.tbl_part_list(      
Jul 07, 2016 5:42:58 PM testrecorddl_OneConnect.T9405 recordDDL
INFO: ----------------------------------------------------------------------------------------------------------------------------------------
Jul 07, 2016 5:42:58 PM testrecorddl_OneConnect.T9405 recordDDL
INFO:                                  average  value:     0.098 :            0.000 :        76.124 :                1.662 :                 1.662 :          FAIL=0 :      
