Jul 07, 2016 6:07:41 PM testrecorddl_OneConnect.T9405 main
INFO: Assessment of the duration of the recording DDL expressions Redshift
Jul 07, 2016 6:07:42 PM testrecorddl_OneConnect.T9405 recordDDL
INFO: jdbc:redshift://rsdbb01.cqcwekr1qlta.us-west-2.redshift.amazonaws.com:5439/dev
Jul 07, 2016 6:07:42 PM testrecorddl_OneConnect.T9405 recordDDL
INFO:                                                  The number of commands: 5
Jul 07, 2016 6:07:42 PM testrecorddl_OneConnect.T9405 recordDDL
INFO:                                                  totalConnectionClosingTime : connectionClosingTime : statementClosingTime : executeTime
Jul 07, 2016 6:07:43 PM testrecorddl_OneConnect.T9405 recordDDL
INFO:                                      1 :             0.365 :         SUCCESS : DROP SCHEMA IF EXISTS test_batch CASCADE      
Jul 07, 2016 6:07:44 PM testrecorddl_OneConnect.T9405 recordDDL
INFO:                                      2 :             1.436 :         SUCCESS : CREATE SCHEMA IF NOT EXISTS test_batch      
Jul 07, 2016 6:07:45 PM testrecorddl_OneConnect.T9405 recordDDL
INFO:                                      3 :             2.861 :         SUCCESS : CREATE TABLE IF NOT EXISTS test_batch.d_cur(      
Jul 07, 2016 6:07:47 PM testrecorddl_OneConnect.T9405 recordDDL
INFO:                                      4 :             4.145 :         SUCCESS : CREATE TABLE IF NOT EXISTS test_batch.tbl_part_range_intval_num(      
Jul 07, 2016 6:07:48 PM testrecorddl_OneConnect.T9405 recordDDL
INFO:                                      5 :             5.862 :         SUCCESS : CREATE TABLE IF NOT EXISTS test_batch.tbl_part_range_intval_date(      
Jul 07, 2016 6:07:50 PM testrecorddl_OneConnect.T9405 recordDDL
INFO: ----------------------------------------------------------------------------------------------------------------------------------------
