Jul 07, 2016 5:18:00 PM testrecorddl_OneConnect.T9405 main
INFO: Assessment of the duration of the recording DDL expressions Redshift
Jul 07, 2016 5:18:00 PM testrecorddl_OneConnect.T9405 recordDDL
INFO: jdbc:redshift://rsdbb01.cqcwekr1qlta.us-west-2.redshift.amazonaws.com:5439/dev
Jul 07, 2016 5:18:00 PM testrecorddl_OneConnect.T9405 recordDDL
INFO:                                                  The number of commands: 10
Jul 07, 2016 5:18:00 PM testrecorddl_OneConnect.T9405 recordDDL
INFO:                                                  totalConnectionClosingTime : connectionClosingTime : statementClosingTime : executeTime
Jul 07, 2016 5:18:04 PM testrecorddl_OneConnect.T9405 recordDDL
INFO:                                      1 :             0.868 :            0.006 :         0.338 :                2.155 :                 2.162 :         SUCCESS : DROP SCHEMA IF EXISTS test_batch CASCADE      
Jul 07, 2016 5:18:06 PM testrecorddl_OneConnect.T9405 recordDDL
INFO:                                      2 :             0.597 :            0.001 :         0.198 :                1.815 :                 1.815 :         SUCCESS : CREATE SCHEMA IF NOT EXISTS test_batch      
Jul 07, 2016 5:18:10 PM testrecorddl_OneConnect.T9405 recordDDL
INFO:                                      3 :             0.610 :            0.000 :         0.735 :                2.228 :                 2.228 :         SUCCESS : CREATE TABLE IF NOT EXISTS test_batch.d_cur(      
Jul 07, 2016 5:18:13 PM testrecorddl_OneConnect.T9405 recordDDL
INFO:                                      4 :             0.587 :            0.000 :         0.474 :                2.072 :                 2.074 :         SUCCESS : CREATE TABLE IF NOT EXISTS test_batch.tbl_part_range_intval_num(      
Jul 07, 2016 5:18:16 PM testrecorddl_OneConnect.T9405 recordDDL
INFO:                                      5 :             0.603 :            0.000 :         0.531 :                1.795 :                 1.797 :         SUCCESS : CREATE TABLE IF NOT EXISTS test_batch.tbl_part_range_intval_date(      
Jul 07, 2016 5:18:20 PM testrecorddl_OneConnect.T9405 recordDDL
INFO:                                      6 :             0.615 :            0.000 :         0.700 :                2.807 :                 2.809 :         SUCCESS : CREATE TABLE IF NOT EXISTS test_batch.tbl_datatype3(      
Jul 07, 2016 5:18:24 PM testrecorddl_OneConnect.T9405 recordDDL
INFO:                                      7 :             0.594 :            0.001 :         0.664 :                2.181 :                 2.183 :         SUCCESS : CREATE TABLE IF NOT EXISTS test_batch.tbl_part_ref_parent(      
Jul 07, 2016 5:18:27 PM testrecorddl_OneConnect.T9405 recordDDL
INFO:                                      8 :             0.591 :            0.000 :         0.494 :                1.875 :                 1.876 :         SUCCESS : CREATE TABLE IF NOT EXISTS test_batch.dr$idx_tbl_ind_dmn$i(      
Jul 07, 2016 5:18:31 PM testrecorddl_OneConnect.T9405 recordDDL
INFO:                                      9 :             0.609 :            0.000 :         0.745 :                2.615 :                 2.616 :         SUCCESS : CREATE TABLE IF NOT EXISTS test_batch.tbl_acc_cust_cls(      
Jul 07, 2016 5:18:34 PM testrecorddl_OneConnect.T9405 recordDDL
INFO:                                     10 :             0.604 :            0.000 :         0.810 :                2.049 :                 2.049 :         SUCCESS : CREATE TABLE IF NOT EXISTS test_batch.tbl_part_list(      
Jul 07, 2016 5:18:34 PM testrecorddl_OneConnect.T9405 recordDDL
INFO: ----------------------------------------------------------------------------------------------------------------------------------------
Jul 07, 2016 5:18:34 PM testrecorddl_OneConnect.T9405 recordDDL
INFO:                                          average  value:     0.628 :            0.001 :         0.569 :                2.159 :                 2.161 :          FAIL=0 :      
