Jul 07, 2016 5:24:08 PM testrecorddl_OneConnect.T9405 main
INFO: Assessment of the duration of the recording DDL expressions Redshift
Jul 07, 2016 5:24:08 PM testrecorddl_OneConnect.T9405 recordDDL
INFO: jdbc:redshift://rsdbb01.cqcwekr1qlta.us-west-2.redshift.amazonaws.com:5439/dev
Jul 07, 2016 5:24:08 PM testrecorddl_OneConnect.T9405 recordDDL
INFO:                                                  The number of commands: 10
Jul 07, 2016 5:24:08 PM testrecorddl_OneConnect.T9405 recordDDL
INFO:                                                  totalConnectionClosingTime : connectionClosingTime : statementClosingTime : executeTime
Jul 07, 2016 5:24:11 PM testrecorddl_OneConnect.T9405 recordDDL
INFO:                                      1 :             0.769 :            0.005 :         0.414 :                1.821 :                 1.833 :         SUCCESS : DROP SCHEMA IF EXISTS test_batch CASCADE      
Jul 07, 2016 5:24:14 PM testrecorddl_OneConnect.T9405 recordDDL
INFO:                                      2 :             0.610 :            0.000 :         0.204 :                2.045 :                 2.045 :         SUCCESS : CREATE SCHEMA IF NOT EXISTS test_batch      
Jul 07, 2016 5:24:17 PM testrecorddl_OneConnect.T9405 recordDDL
INFO:                                      3 :             0.594 :            0.000 :         0.458 :                1.941 :                 1.942 :         SUCCESS : CREATE TABLE IF NOT EXISTS test_batch.d_cur(      
Jul 07, 2016 5:24:20 PM testrecorddl_OneConnect.T9405 recordDDL
INFO:                                      4 :             0.597 :            0.000 :         0.489 :                1.761 :                 1.762 :         SUCCESS : CREATE TABLE IF NOT EXISTS test_batch.tbl_part_range_intval_num(      
Jul 07, 2016 5:24:23 PM testrecorddl_OneConnect.T9405 recordDDL
INFO:                                      5 :             0.602 :            0.000 :         0.588 :                1.885 :                 1.886 :         SUCCESS : CREATE TABLE IF NOT EXISTS test_batch.tbl_part_range_intval_date(      
Jul 07, 2016 5:24:27 PM testrecorddl_OneConnect.T9405 recordDDL
INFO:                                      6 :             0.717 :            0.000 :         0.562 :                1.962 :                 1.963 :         SUCCESS : CREATE TABLE IF NOT EXISTS test_batch.tbl_datatype3(      
Jul 07, 2016 5:24:31 PM testrecorddl_OneConnect.T9405 recordDDL
INFO:                                      7 :             0.607 :            0.000 :         0.441 :                3.333 :                 3.334 :         SUCCESS : CREATE TABLE IF NOT EXISTS test_batch.tbl_part_ref_parent(      
Jul 07, 2016 5:24:34 PM testrecorddl_OneConnect.T9405 recordDDL
INFO:                                      8 :             0.588 :            0.000 :         0.720 :                2.103 :                 2.104 :         SUCCESS : CREATE TABLE IF NOT EXISTS test_batch.dr$idx_tbl_ind_dmn$i(      
Jul 07, 2016 5:24:37 PM testrecorddl_OneConnect.T9405 recordDDL
INFO:                                      9 :             0.605 :            0.000 :         0.509 :                2.047 :                 2.048 :         SUCCESS : CREATE TABLE IF NOT EXISTS test_batch.tbl_acc_cust_cls(      
Jul 07, 2016 5:24:40 PM testrecorddl_OneConnect.T9405 recordDDL
INFO:                                     10 :             0.596 :            0.000 :         0.445 :                1.847 :                 1.847 :         SUCCESS : CREATE TABLE IF NOT EXISTS test_batch.tbl_part_list(      
Jul 07, 2016 5:24:40 PM testrecorddl_OneConnect.T9405 recordDDL
INFO: ----------------------------------------------------------------------------------------------------------------------------------------
Jul 07, 2016 5:24:40 PM testrecorddl_OneConnect.T9405 recordDDL
INFO:                                          average  value:     0.629 :            0.001 :         0.483 :                2.075 :                 2.076 :          FAIL=0 :      
