Jul 07, 2016 5:21:59 PM testrecorddl.T9405 main
INFO: Assessment of the duration of the recording DDL expressions Redshift
Jul 07, 2016 5:21:59 PM testrecorddl.T9405 recordDDL
INFO: jdbc:redshift://rsdbb01.cqcwekr1qlta.us-west-2.redshift.amazonaws.com:5439/dev
Jul 07, 2016 5:21:59 PM testrecorddl.T9405 recordDDL
INFO:                                                  The number of commands: 10
Jul 07, 2016 5:21:59 PM testrecorddl.T9405 recordDDL
INFO:                                                  totalConnectionClosingTime : connectionClosingTime : statementClosingTime : executeTime
Jul 07, 2016 5:22:02 PM testrecorddl.T9405 recordDDL
INFO:                                              1 :             0.761 :            0.006 :         0.590 :                1.664 :                 1.668 :         SUCCESS : DROP SCHEMA IF EXISTS test_batch CASCADE      
Jul 07, 2016 5:22:04 PM testrecorddl.T9405 recordDDL
INFO:                                              2 :             0.608 :            0.001 :         0.204 :                1.788 :                 1.788 :         SUCCESS : CREATE SCHEMA IF NOT EXISTS test_batch      
Jul 07, 2016 5:22:07 PM testrecorddl.T9405 recordDDL
INFO:                                              3 :             0.593 :            0.001 :         0.565 :                1.822 :                 1.823 :         SUCCESS : CREATE TABLE IF NOT EXISTS test_batch.d_cur(      
Jul 07, 2016 5:22:10 PM testrecorddl.T9405 recordDDL
INFO:                                              4 :             0.597 :            0.000 :         0.451 :                1.950 :                 1.951 :         SUCCESS : CREATE TABLE IF NOT EXISTS test_batch.tbl_part_range_intval_num(      
Jul 07, 2016 5:22:14 PM testrecorddl.T9405 recordDDL
INFO:                                              5 :             0.603 :            0.000 :         0.523 :                2.110 :                 2.111 :         SUCCESS : CREATE TABLE IF NOT EXISTS test_batch.tbl_part_range_intval_date(      
Jul 07, 2016 5:22:17 PM testrecorddl.T9405 recordDDL
INFO:                                              6 :             0.604 :            0.000 :         0.467 :                1.870 :                 1.871 :         SUCCESS : CREATE TABLE IF NOT EXISTS test_batch.tbl_datatype3(      
Jul 07, 2016 5:22:19 PM testrecorddl.T9405 recordDDL
INFO:                                              7 :             0.605 :            0.000 :         0.390 :                1.849 :                 1.851 :         SUCCESS : CREATE TABLE IF NOT EXISTS test_batch.tbl_part_ref_parent(      
Jul 07, 2016 5:22:22 PM testrecorddl.T9405 recordDDL
INFO:                                              8 :             0.601 :            0.000 :         0.461 :                1.729 :                 1.730 :         SUCCESS : CREATE TABLE IF NOT EXISTS test_batch.dr$idx_tbl_ind_dmn$i(      
Jul 07, 2016 5:22:26 PM testrecorddl.T9405 recordDDL
INFO:                                              9 :             0.596 :            0.000 :         0.461 :                2.368 :                 2.370 :         SUCCESS : CREATE TABLE IF NOT EXISTS test_batch.tbl_acc_cust_cls(      
Jul 07, 2016 5:22:29 PM testrecorddl.T9405 recordDDL
INFO:                                             10 :             0.606 :            0.000 :         0.560 :                2.078 :                 2.080 :         SUCCESS : CREATE TABLE IF NOT EXISTS test_batch.tbl_part_list(      
Jul 07, 2016 5:22:29 PM testrecorddl.T9405 recordDDL
INFO: ----------------------------------------------------------------------------------------------------------------------------------------
Jul 07, 2016 5:22:29 PM testrecorddl.T9405 recordDDL
INFO:                          average  value:     0.617 :            0.001 :         0.467 :                1.923 :                 1.924 :          FAIL=0 :      
