Jul 07, 2016 5:14:52 PM testrecorddl_OneConnect.T9405 main
INFO: Assessment of the duration of the recording DDL expressions Redshift
Jul 07, 2016 5:14:52 PM testrecorddl_OneConnect.T9405 recordDDL
INFO: jdbc:redshift://rsdbb01.cqcwekr1qlta.us-west-2.redshift.amazonaws.com:5439/dev
Jul 07, 2016 5:14:52 PM testrecorddl_OneConnect.T9405 recordDDL
INFO:                                                  The number of commands: 10
Jul 07, 2016 5:14:52 PM testrecorddl_OneConnect.T9405 recordDDL
INFO:                                                  totalConnectionClosingTime : connectionClosingTime : statementClosingTime : executeTime
Jul 07, 2016 5:14:56 PM testrecorddl_OneConnect.T9405 recordDDL
INFO:                                      1 :             1.172 :            0.011 :         0.225 :                2.295 :                 2.310 :         SUCCESS : DROP SCHEMA IF EXISTS test_batch CASCADE      
Jul 07, 2016 5:14:59 PM testrecorddl_OneConnect.T9405 recordDDL
INFO:                                      2 :             0.602 :            0.001 :         0.200 :                2.095 :                 2.096 :         SUCCESS : CREATE SCHEMA IF NOT EXISTS test_batch      
Jul 07, 2016 5:15:03 PM testrecorddl_OneConnect.T9405 recordDDL
INFO:                                      3 :             0.604 :            0.000 :         0.521 :                2.444 :                 2.445 :         SUCCESS : CREATE TABLE IF NOT EXISTS test_batch.d_cur(      
Jul 07, 2016 5:15:06 PM testrecorddl_OneConnect.T9405 recordDDL
INFO:                                      4 :             0.598 :            0.000 :         0.457 :                1.726 :                 1.728 :         SUCCESS : CREATE TABLE IF NOT EXISTS test_batch.tbl_part_range_intval_num(      
Jul 07, 2016 5:15:09 PM testrecorddl_OneConnect.T9405 recordDDL
INFO:                                      5 :             0.611 :            0.000 :         0.974 :                2.144 :                 2.146 :         SUCCESS : CREATE TABLE IF NOT EXISTS test_batch.tbl_part_range_intval_date(      
Jul 07, 2016 5:15:13 PM testrecorddl_OneConnect.T9405 recordDDL
INFO:                                      6 :             0.608 :            0.000 :         0.773 :                1.831 :                 1.832 :         SUCCESS : CREATE TABLE IF NOT EXISTS test_batch.tbl_datatype3(      
Jul 07, 2016 5:15:16 PM testrecorddl_OneConnect.T9405 recordDDL
INFO:                                      7 :             0.605 :            0.000 :         0.377 :                2.041 :                 2.041 :         SUCCESS : CREATE TABLE IF NOT EXISTS test_batch.tbl_part_ref_parent(      
Jul 07, 2016 5:15:19 PM testrecorddl_OneConnect.T9405 recordDDL
INFO:                                      8 :             0.604 :            0.000 :         0.652 :                1.919 :                 1.920 :         SUCCESS : CREATE TABLE IF NOT EXISTS test_batch.dr$idx_tbl_ind_dmn$i(      
Jul 07, 2016 5:15:22 PM testrecorddl_OneConnect.T9405 recordDDL
INFO:                                      9 :             0.605 :            0.000 :         0.471 :                2.089 :                 2.091 :         SUCCESS : CREATE TABLE IF NOT EXISTS test_batch.tbl_acc_cust_cls(      
Jul 07, 2016 5:15:25 PM testrecorddl_OneConnect.T9405 recordDDL
INFO:                                     10 :             0.608 :            0.000 :         0.509 :                2.298 :                 2.299 :         SUCCESS : CREATE TABLE IF NOT EXISTS test_batch.tbl_part_list(      
Jul 07, 2016 5:15:25 PM testrecorddl_OneConnect.T9405 recordDDL
INFO: ----------------------------------------------------------------------------------------------------------------------------------------
Jul 07, 2016 5:15:25 PM testrecorddl_OneConnect.T9405 recordDDL
INFO:                                          average  value:     0.662 :            0.001 :         0.516 :                2.088 :                 2.091 :          FAIL=0 :      
